<?xml version="1.0" encoding="UTF-8"?>
<!-- Generated by org.testng.reporters.JUnitReportReporter -->
<testsuite skipped="0" hostname="T-C-Shashank" name="test.java.testcases.test" tests="1" failures="0" timestamp="2020-02-19T17:24:59 IST" time="33.318" errors="0">
  <testcase name="Openapp" time="33.318" classname="test.java.testcases.test"/>
  <system-out/>
</testsuite> <!-- test.java.testcases.test -->
