<?xml version="1.0" encoding="UTF-8"?>
<!-- Generated by org.testng.reporters.JUnitReportReporter -->
<testsuite skipped="0" hostname="T-C-Shashank" name="test.java.testcases.runChrome" tests="1" failures="0" timestamp="2020-02-18T17:59:41 IST" time="120.009" errors="0">
  <testcase name="runChromeStandalone" time="120.009" classname="test.java.testcases.runChrome"/>
  <system-out/>
</testsuite> <!-- test.java.testcases.runChrome -->
